<?xml version="1.0" encoding="UTF-8"?>
<robot generator="Robot 4.0.3 (Python 3.9.6 on win32)" generated="20210713 15:21:43.836" rpa="false" schemaversion="2">
<suite id="s1" name="Amazon" source="C:\Users\Kajal Shele\OneDrive\Documents\Course_Notes\CloudTechC2C\development\Robot_Scripts\LatestAmazonScript\tests\amazon.robot">
<test id="s1-t1" name="Logged out user can search for product">
<kw name="Begin Web Tests" library="Common" type="SETUP">
<kw name="Open Browser" library="SeleniumLibrary">
<arg>about:blank</arg>
<arg>${BROWSER}</arg>
<doc>Opens a new browser instance to the optional ``url``.</doc>
<msg timestamp="20210713 15:21:44.678" level="INFO">Opening browser 'chrome' to base url 'about:blank'.</msg>
<status status="PASS" starttime="20210713 15:21:44.677" endtime="20210713 15:21:49.962"/>
</kw>
<status status="PASS" starttime="20210713 15:21:44.676" endtime="20210713 15:21:49.963"/>
</kw>
<kw name="Search for product" library="AmazonApp">
<kw name="Load" library="LandingPage">
<kw name="Maximize window" library="LandingPage">
<kw name="Maximize Browser Window" library="SeleniumLibrary">
<doc>Maximizes current browser window.</doc>
<status status="PASS" starttime="20210713 15:21:50.001" endtime="20210713 15:21:50.247"/>
</kw>
<status status="PASS" starttime="20210713 15:21:50.000" endtime="20210713 15:21:50.248"/>
</kw>
<kw name="Open amazon website" library="LandingPage">
<kw name="Go To" library="SeleniumLibrary">
<arg>https://www.amazon.com</arg>
<doc>Navigates the current browser window to the provided ``url``.</doc>
<msg timestamp="20210713 15:21:50.250" level="INFO">Opening url 'https://www.amazon.com'</msg>
<status status="PASS" starttime="20210713 15:21:50.249" endtime="20210713 15:21:54.833"/>
</kw>
<status status="PASS" starttime="20210713 15:21:50.248" endtime="20210713 15:21:54.834"/>
</kw>
<kw name="Verify site is loaded" library="LandingPage">
<kw name="Wait Until Page Contains Element" library="SeleniumLibrary">
<arg>nav-logo-sprites</arg>
<doc>Waits until the element ``locator`` appears on the current page.</doc>
<status status="PASS" starttime="20210713 15:21:54.835" endtime="20210713 15:21:55.711"/>
</kw>
<status status="PASS" starttime="20210713 15:21:54.834" endtime="20210713 15:21:55.711"/>
</kw>
<status status="PASS" starttime="20210713 15:21:49.999" endtime="20210713 15:21:55.712"/>
</kw>
<kw name="Search for product" library="TopNav">
<kw name="Enter search term" library="TopNav">
<kw name="Input Text" library="SeleniumLibrary">
<arg>xpath=//input[@id='twotabsearchtextbox']</arg>
<arg>Ferrari 458</arg>
<doc>Types the given ``text`` into the text field identified by ``locator``.</doc>
<msg timestamp="20210713 15:21:55.715" level="INFO">Typing text 'Ferrari 458' into text field 'xpath=//input[@id='twotabsearchtextbox']'.</msg>
<status status="PASS" starttime="20210713 15:21:55.714" endtime="20210713 15:21:58.009"/>
</kw>
<status status="PASS" starttime="20210713 15:21:55.713" endtime="20210713 15:21:58.009"/>
</kw>
<kw name="Submit search" library="TopNav">
<kw name="Click Button" library="SeleniumLibrary">
<arg>id=nav-search-submit-button</arg>
<doc>Clicks the button identified by ``locator``.</doc>
<msg timestamp="20210713 15:21:58.011" level="INFO">Clicking button 'id=nav-search-submit-button'.</msg>
<status status="PASS" starttime="20210713 15:21:58.011" endtime="20210713 15:22:07.902"/>
</kw>
<status status="PASS" starttime="20210713 15:21:58.010" endtime="20210713 15:22:07.903"/>
</kw>
<status status="PASS" starttime="20210713 15:21:55.712" endtime="20210713 15:22:07.903"/>
</kw>
<kw name="Verify search is completed" library="SearchResult">
<kw name="Wait Until Page Contains" library="SeleniumLibrary">
<arg>results for "Ferrari 458"</arg>
<doc>Waits until ``text`` appears on the current page.</doc>
<status status="PASS" starttime="20210713 15:22:07.904" endtime="20210713 15:22:08.238"/>
</kw>
<status status="PASS" starttime="20210713 15:22:07.903" endtime="20210713 15:22:08.239"/>
</kw>
<status status="PASS" starttime="20210713 15:21:49.998" endtime="20210713 15:22:08.240"/>
</kw>
<kw name="End Web Tests" library="Common" type="TEARDOWN">
<kw name="Close Browser" library="SeleniumLibrary">
<doc>Closes the current browser.</doc>
<status status="PASS" starttime="20210713 15:22:08.264" endtime="20210713 15:22:11.909"/>
</kw>
<status status="PASS" starttime="20210713 15:22:08.262" endtime="20210713 15:22:11.909"/>
</kw>
<tag>smoke</tag>
<status status="PASS" starttime="20210713 15:21:44.674" endtime="20210713 15:22:11.911"/>
</test>
<test id="s1-t2" name="Logged out user can view product">
<kw name="Begin Web Tests" library="Common" type="SETUP">
<kw name="Open Browser" library="SeleniumLibrary">
<arg>about:blank</arg>
<arg>${BROWSER}</arg>
<doc>Opens a new browser instance to the optional ``url``.</doc>
<msg timestamp="20210713 15:22:11.911" level="INFO">Opening browser 'chrome' to base url 'about:blank'.</msg>
<status status="PASS" starttime="20210713 15:22:11.911" endtime="20210713 15:22:16.640"/>
</kw>
<status status="PASS" starttime="20210713 15:22:11.911" endtime="20210713 15:22:16.641"/>
</kw>
<kw name="Search for product" library="AmazonApp">
<kw name="Load" library="LandingPage">
<kw name="Maximize window" library="LandingPage">
<kw name="Maximize Browser Window" library="SeleniumLibrary">
<doc>Maximizes current browser window.</doc>
<status status="PASS" starttime="20210713 15:22:16.869" endtime="20210713 15:22:17.375"/>
</kw>
<status status="PASS" starttime="20210713 15:22:16.861" endtime="20210713 15:22:17.376"/>
</kw>
<kw name="Open amazon website" library="LandingPage">
<kw name="Go To" library="SeleniumLibrary">
<arg>https://www.amazon.com</arg>
<doc>Navigates the current browser window to the provided ``url``.</doc>
<msg timestamp="20210713 15:22:17.378" level="INFO">Opening url 'https://www.amazon.com'</msg>
<status status="PASS" starttime="20210713 15:22:17.377" endtime="20210713 15:22:23.263"/>
</kw>
<status status="PASS" starttime="20210713 15:22:17.376" endtime="20210713 15:22:23.264"/>
</kw>
<kw name="Verify site is loaded" library="LandingPage">
<kw name="Wait Until Page Contains Element" library="SeleniumLibrary">
<arg>nav-logo-sprites</arg>
<doc>Waits until the element ``locator`` appears on the current page.</doc>
<status status="PASS" starttime="20210713 15:22:23.266" endtime="20210713 15:22:23.889"/>
</kw>
<status status="PASS" starttime="20210713 15:22:23.264" endtime="20210713 15:22:23.890"/>
</kw>
<status status="PASS" starttime="20210713 15:22:16.861" endtime="20210713 15:22:23.890"/>
</kw>
<kw name="Search for product" library="TopNav">
<kw name="Enter search term" library="TopNav">
<kw name="Input Text" library="SeleniumLibrary">
<arg>xpath=//input[@id='twotabsearchtextbox']</arg>
<arg>Ferrari 458</arg>
<doc>Types the given ``text`` into the text field identified by ``locator``.</doc>
<msg timestamp="20210713 15:22:23.894" level="INFO">Typing text 'Ferrari 458' into text field 'xpath=//input[@id='twotabsearchtextbox']'.</msg>
<status status="PASS" starttime="20210713 15:22:23.893" endtime="20210713 15:22:26.496"/>
</kw>
<status status="PASS" starttime="20210713 15:22:23.892" endtime="20210713 15:22:26.496"/>
</kw>
<kw name="Submit search" library="TopNav">
<kw name="Click Button" library="SeleniumLibrary">
<arg>id=nav-search-submit-button</arg>
<doc>Clicks the button identified by ``locator``.</doc>
<msg timestamp="20210713 15:22:26.498" level="INFO">Clicking button 'id=nav-search-submit-button'.</msg>
<status status="PASS" starttime="20210713 15:22:26.497" endtime="20210713 15:22:34.248"/>
</kw>
<status status="PASS" starttime="20210713 15:22:26.496" endtime="20210713 15:22:34.248"/>
</kw>
<status status="PASS" starttime="20210713 15:22:23.891" endtime="20210713 15:22:34.248"/>
</kw>
<kw name="Verify search is completed" library="SearchResult">
<kw name="Wait Until Page Contains" library="SeleniumLibrary">
<arg>results for "Ferrari 458"</arg>
<doc>Waits until ``text`` appears on the current page.</doc>
<status status="PASS" starttime="20210713 15:22:34.250" endtime="20210713 15:22:34.522"/>
</kw>
<status status="PASS" starttime="20210713 15:22:34.249" endtime="20210713 15:22:34.523"/>
</kw>
<status status="PASS" starttime="20210713 15:22:16.861" endtime="20210713 15:22:34.523"/>
</kw>
<kw name="Select product from search result" library="AmazonApp">
<kw name="Click product link" library="SearchResult">
<kw name="Click Element" library="SeleniumLibrary">
<arg>xpath=//img[@alt='RASTAR Ferrari Remote Control Car, 1/24 Scale Ferrari 458 Italia Model Car, Red Ferrari Toy Car']</arg>
<doc>Click the element identified by ``locator``.</doc>
<msg timestamp="20210713 15:22:34.528" level="INFO">Clicking element 'xpath=//img[@alt='RASTAR Ferrari Remote Control Car, 1/24 Scale Ferrari 458 Italia Model Car, Red Ferrari Toy Car']'.</msg>
<status status="PASS" starttime="20210713 15:22:34.527" endtime="20210713 15:22:41.582"/>
</kw>
<status status="PASS" starttime="20210713 15:22:34.526" endtime="20210713 15:22:41.583"/>
</kw>
<kw name="Verify product is loaded" library="Product">
<kw name="Wait Until Page Contains" library="SeleniumLibrary">
<arg>RASTAR Ferrari Remote Control Car, 1/24 Scale Ferrari 458 Italia Model Car, Red Ferrari Toy Car</arg>
<doc>Waits until ``text`` appears on the current page.</doc>
<status status="PASS" starttime="20210713 15:22:41.584" endtime="20210713 15:22:41.845"/>
</kw>
<status status="PASS" starttime="20210713 15:22:41.583" endtime="20210713 15:22:41.845"/>
</kw>
<status status="PASS" starttime="20210713 15:22:34.525" endtime="20210713 15:22:41.846"/>
</kw>
<kw name="End Web Tests" library="Common" type="TEARDOWN">
<kw name="Close Browser" library="SeleniumLibrary">
<doc>Closes the current browser.</doc>
<status status="PASS" starttime="20210713 15:22:41.850" endtime="20210713 15:22:46.101"/>
</kw>
<status status="PASS" starttime="20210713 15:22:41.847" endtime="20210713 15:22:46.101"/>
</kw>
<tag>smoke</tag>
<status status="PASS" starttime="20210713 15:22:11.911" endtime="20210713 15:22:46.101"/>
</test>
<test id="s1-t3" name="Logged out user can add product to cart">
<kw name="Begin Web Tests" library="Common" type="SETUP">
<kw name="Open Browser" library="SeleniumLibrary">
<arg>about:blank</arg>
<arg>${BROWSER}</arg>
<doc>Opens a new browser instance to the optional ``url``.</doc>
<msg timestamp="20210713 15:22:46.101" level="INFO">Opening browser 'chrome' to base url 'about:blank'.</msg>
<status status="PASS" starttime="20210713 15:22:46.101" endtime="20210713 15:22:49.157"/>
</kw>
<status status="PASS" starttime="20210713 15:22:46.101" endtime="20210713 15:22:49.158"/>
</kw>
<kw name="Search for product" library="AmazonApp">
<kw name="Load" library="LandingPage">
<kw name="Maximize window" library="LandingPage">
<kw name="Maximize Browser Window" library="SeleniumLibrary">
<doc>Maximizes current browser window.</doc>
<status status="PASS" starttime="20210713 15:22:49.163" endtime="20210713 15:22:49.370"/>
</kw>
<status status="PASS" starttime="20210713 15:22:49.162" endtime="20210713 15:22:49.370"/>
</kw>
<kw name="Open amazon website" library="LandingPage">
<kw name="Go To" library="SeleniumLibrary">
<arg>https://www.amazon.com</arg>
<doc>Navigates the current browser window to the provided ``url``.</doc>
<msg timestamp="20210713 15:22:49.378" level="INFO">Opening url 'https://www.amazon.com'</msg>
<status status="PASS" starttime="20210713 15:22:49.378" endtime="20210713 15:22:56.208"/>
</kw>
<status status="PASS" starttime="20210713 15:22:49.370" endtime="20210713 15:22:56.209"/>
</kw>
<kw name="Verify site is loaded" library="LandingPage">
<kw name="Wait Until Page Contains Element" library="SeleniumLibrary">
<arg>nav-logo-sprites</arg>
<doc>Waits until the element ``locator`` appears on the current page.</doc>
<status status="PASS" starttime="20210713 15:22:56.210" endtime="20210713 15:22:56.359"/>
</kw>
<status status="PASS" starttime="20210713 15:22:56.209" endtime="20210713 15:22:56.359"/>
</kw>
<status status="PASS" starttime="20210713 15:22:49.161" endtime="20210713 15:22:56.360"/>
</kw>
<kw name="Search for product" library="TopNav">
<kw name="Enter search term" library="TopNav">
<kw name="Input Text" library="SeleniumLibrary">
<arg>xpath=//input[@id='twotabsearchtextbox']</arg>
<arg>Ferrari 458</arg>
<doc>Types the given ``text`` into the text field identified by ``locator``.</doc>
<msg timestamp="20210713 15:22:56.363" level="INFO">Typing text 'Ferrari 458' into text field 'xpath=//input[@id='twotabsearchtextbox']'.</msg>
<status status="PASS" starttime="20210713 15:22:56.362" endtime="20210713 15:22:57.422"/>
</kw>
<status status="PASS" starttime="20210713 15:22:56.361" endtime="20210713 15:22:57.423"/>
</kw>
<kw name="Submit search" library="TopNav">
<kw name="Click Button" library="SeleniumLibrary">
<arg>id=nav-search-submit-button</arg>
<doc>Clicks the button identified by ``locator``.</doc>
<msg timestamp="20210713 15:22:57.425" level="INFO">Clicking button 'id=nav-search-submit-button'.</msg>
<status status="PASS" starttime="20210713 15:22:57.424" endtime="20210713 15:23:04.956"/>
</kw>
<status status="PASS" starttime="20210713 15:22:57.423" endtime="20210713 15:23:04.957"/>
</kw>
<status status="PASS" starttime="20210713 15:22:56.360" endtime="20210713 15:23:04.957"/>
</kw>
<kw name="Verify search is completed" library="SearchResult">
<kw name="Wait Until Page Contains" library="SeleniumLibrary">
<arg>results for "Ferrari 458"</arg>
<doc>Waits until ``text`` appears on the current page.</doc>
<status status="PASS" starttime="20210713 15:23:04.959" endtime="20210713 15:23:05.097"/>
</kw>
<status status="PASS" starttime="20210713 15:23:04.958" endtime="20210713 15:23:05.097"/>
</kw>
<status status="PASS" starttime="20210713 15:22:49.160" endtime="20210713 15:23:05.097"/>
</kw>
<kw name="Select product from search result" library="AmazonApp">
<kw name="Click product link" library="SearchResult">
<kw name="Click Element" library="SeleniumLibrary">
<arg>xpath=//img[@alt='RASTAR Ferrari Remote Control Car, 1/24 Scale Ferrari 458 Italia Model Car, Red Ferrari Toy Car']</arg>
<doc>Click the element identified by ``locator``.</doc>
<msg timestamp="20210713 15:23:05.101" level="INFO">Clicking element 'xpath=//img[@alt='RASTAR Ferrari Remote Control Car, 1/24 Scale Ferrari 458 Italia Model Car, Red Ferrari Toy Car']'.</msg>
<status status="PASS" starttime="20210713 15:23:05.100" endtime="20210713 15:23:11.300"/>
</kw>
<status status="PASS" starttime="20210713 15:23:05.097" endtime="20210713 15:23:11.301"/>
</kw>
<kw name="Verify product is loaded" library="Product">
<kw name="Wait Until Page Contains" library="SeleniumLibrary">
<arg>RASTAR Ferrari Remote Control Car, 1/24 Scale Ferrari 458 Italia Model Car, Red Ferrari Toy Car</arg>
<doc>Waits until ``text`` appears on the current page.</doc>
<status status="PASS" starttime="20210713 15:23:11.303" endtime="20210713 15:23:11.373"/>
</kw>
<status status="PASS" starttime="20210713 15:23:11.301" endtime="20210713 15:23:11.374"/>
</kw>
<status status="PASS" starttime="20210713 15:23:05.097" endtime="20210713 15:23:11.374"/>
</kw>
<kw name="Choose location" library="AmazonApp">
<kw name="Select appropriate location" library="Product">
<kw name="Click Delivery link" library="Product">
<kw name="Click Element" library="SeleniumLibrary">
<arg>xpath=//div[@id='contextualIngressPtLabel_deliveryShortLine']/span[last()]</arg>
<doc>Click the element identified by ``locator``.</doc>
<msg timestamp="20210713 15:23:11.380" level="INFO">Clicking element 'xpath=//div[@id='contextualIngressPtLabel_deliveryShortLine']/span[last()]'.</msg>
<status status="PASS" starttime="20210713 15:23:11.379" endtime="20210713 15:23:13.013"/>
</kw>
<status status="PASS" starttime="20210713 15:23:11.378" endtime="20210713 15:23:13.014"/>
</kw>
<kw name="Verify &quot;Choose your location&quot; page is loaded" library="Product">
<kw name="Wait Until Page Contains" library="SeleniumLibrary">
<arg>Choose your location</arg>
<doc>Waits until ``text`` appears on the current page.</doc>
<status status="PASS" starttime="20210713 15:23:13.015" endtime="20210713 15:23:13.307"/>
</kw>
<status status="PASS" starttime="20210713 15:23:13.014" endtime="20210713 15:23:13.308"/>
</kw>
<kw name="Click country dropdown arrow" library="Product">
<kw name="Click Element" library="SeleniumLibrary">
<arg>id=GLUXCountryValue</arg>
<doc>Click the element identified by ``locator``.</doc>
<msg timestamp="20210713 15:23:13.310" level="INFO">Clicking element 'id=GLUXCountryValue'.</msg>
<status status="PASS" starttime="20210713 15:23:13.309" endtime="20210713 15:23:13.785"/>
</kw>
<status status="PASS" starttime="20210713 15:23:13.308" endtime="20210713 15:23:13.786"/>
</kw>
<kw name="Select country from list" library="Product">
<kw name="Click Element" library="SeleniumLibrary">
<arg>xpath=//li[@aria-labelledby='GLUXCountryList_1']/a[text()='Canada']</arg>
<doc>Click the element identified by ``locator``.</doc>
<msg timestamp="20210713 15:23:13.787" level="INFO">Clicking element 'xpath=//li[@aria-labelledby='GLUXCountryList_1']/a[text()='Canada']'.</msg>
<status status="PASS" starttime="20210713 15:23:13.787" endtime="20210713 15:23:14.488"/>
</kw>
<status status="PASS" starttime="20210713 15:23:13.786" endtime="20210713 15:23:14.488"/>
</kw>
<kw name="Press Done" library="Product">
<kw name="Click Button" library="SeleniumLibrary">
<arg>xpath=//button[text()='Done']</arg>
<doc>Clicks the button identified by ``locator``.</doc>
<msg timestamp="20210713 15:23:14.491" level="INFO">Clicking button 'xpath=//button[text()='Done']'.</msg>
<status status="PASS" starttime="20210713 15:23:14.490" endtime="20210713 15:23:14.806"/>
</kw>
<status status="PASS" starttime="20210713 15:23:14.488" endtime="20210713 15:23:14.807"/>
</kw>
<status status="PASS" starttime="20210713 15:23:11.377" endtime="20210713 15:23:14.808"/>
</kw>
<status status="PASS" starttime="20210713 15:23:11.376" endtime="20210713 15:23:14.809"/>
</kw>
<kw name="Add product to cart" library="AmazonApp">
<kw name="Verify add to cart button is enable" library="Product">
<kw name="Wait Until Element Is Enabled" library="SeleniumLibrary">
<arg>add-to-cart-button</arg>
<doc>Waits until the element ``locator`` is enabled.</doc>
<status status="PASS" starttime="20210713 15:23:14.812" endtime="20210713 15:23:20.674"/>
</kw>
<status status="PASS" starttime="20210713 15:23:14.811" endtime="20210713 15:23:20.674"/>
</kw>
<kw name="Add product to cart" library="Product">
<kw name="Click Element" library="SeleniumLibrary">
<arg>id=add-to-cart-button</arg>
<doc>Click the element identified by ``locator``.</doc>
<msg timestamp="20210713 15:23:20.676" level="INFO">Clicking element 'id=add-to-cart-button'.</msg>
<status status="PASS" starttime="20210713 15:23:20.675" endtime="20210713 15:23:22.638"/>
</kw>
<status status="PASS" starttime="20210713 15:23:20.675" endtime="20210713 15:23:22.638"/>
</kw>
<kw name="Verify product is added" library="Cart">
<kw name="Wait Until Page Contains" library="SeleniumLibrary">
<arg>Added to Cart</arg>
<doc>Waits until ``text`` appears on the current page.</doc>
<status status="PASS" starttime="20210713 15:23:22.639" endtime="20210713 15:23:22.991"/>
</kw>
<status status="PASS" starttime="20210713 15:23:22.638" endtime="20210713 15:23:22.992"/>
</kw>
<status status="PASS" starttime="20210713 15:23:14.810" endtime="20210713 15:23:22.992"/>
</kw>
<kw name="End Web Tests" library="Common" type="TEARDOWN">
<kw name="Close Browser" library="SeleniumLibrary">
<doc>Closes the current browser.</doc>
<status status="PASS" starttime="20210713 15:23:22.996" endtime="20210713 15:23:26.678"/>
</kw>
<status status="PASS" starttime="20210713 15:23:22.995" endtime="20210713 15:23:26.678"/>
</kw>
<tag>smoke</tag>
<status status="PASS" starttime="20210713 15:22:46.101" endtime="20210713 15:23:26.678"/>
</test>
<test id="s1-t4" name="Logged out user must sign in to check out">
<kw name="Begin Web Tests" library="Common" type="SETUP">
<kw name="Open Browser" library="SeleniumLibrary">
<arg>about:blank</arg>
<arg>${BROWSER}</arg>
<doc>Opens a new browser instance to the optional ``url``.</doc>
<msg timestamp="20210713 15:23:26.678" level="INFO">Opening browser 'chrome' to base url 'about:blank'.</msg>
<status status="PASS" starttime="20210713 15:23:26.678" endtime="20210713 15:23:30.169"/>
</kw>
<status status="PASS" starttime="20210713 15:23:26.678" endtime="20210713 15:23:30.169"/>
</kw>
<kw name="Search for product" library="AmazonApp">
<kw name="Load" library="LandingPage">
<kw name="Maximize window" library="LandingPage">
<kw name="Maximize Browser Window" library="SeleniumLibrary">
<doc>Maximizes current browser window.</doc>
<status status="PASS" starttime="20210713 15:23:30.202" endtime="20210713 15:23:30.525"/>
</kw>
<status status="PASS" starttime="20210713 15:23:30.202" endtime="20210713 15:23:30.525"/>
</kw>
<kw name="Open amazon website" library="LandingPage">
<kw name="Go To" library="SeleniumLibrary">
<arg>https://www.amazon.com</arg>
<doc>Navigates the current browser window to the provided ``url``.</doc>
<msg timestamp="20210713 15:23:30.525" level="INFO">Opening url 'https://www.amazon.com'</msg>
<status status="PASS" starttime="20210713 15:23:30.525" endtime="20210713 15:23:36.665"/>
</kw>
<status status="PASS" starttime="20210713 15:23:30.525" endtime="20210713 15:23:36.665"/>
</kw>
<kw name="Verify site is loaded" library="LandingPage">
<kw name="Wait Until Page Contains Element" library="SeleniumLibrary">
<arg>nav-logo-sprites</arg>
<doc>Waits until the element ``locator`` appears on the current page.</doc>
<status status="PASS" starttime="20210713 15:23:36.666" endtime="20210713 15:23:37.263"/>
</kw>
<status status="PASS" starttime="20210713 15:23:36.665" endtime="20210713 15:23:37.263"/>
</kw>
<status status="PASS" starttime="20210713 15:23:30.202" endtime="20210713 15:23:37.264"/>
</kw>
<kw name="Search for product" library="TopNav">
<kw name="Enter search term" library="TopNav">
<kw name="Input Text" library="SeleniumLibrary">
<arg>xpath=//input[@id='twotabsearchtextbox']</arg>
<arg>Ferrari 458</arg>
<doc>Types the given ``text`` into the text field identified by ``locator``.</doc>
<msg timestamp="20210713 15:23:37.267" level="INFO">Typing text 'Ferrari 458' into text field 'xpath=//input[@id='twotabsearchtextbox']'.</msg>
<status status="PASS" starttime="20210713 15:23:37.266" endtime="20210713 15:23:37.878"/>
</kw>
<status status="PASS" starttime="20210713 15:23:37.265" endtime="20210713 15:23:37.878"/>
</kw>
<kw name="Submit search" library="TopNav">
<kw name="Click Button" library="SeleniumLibrary">
<arg>id=nav-search-submit-button</arg>
<doc>Clicks the button identified by ``locator``.</doc>
<msg timestamp="20210713 15:23:37.881" level="INFO">Clicking button 'id=nav-search-submit-button'.</msg>
<status status="PASS" starttime="20210713 15:23:37.880" endtime="20210713 15:23:47.093"/>
</kw>
<status status="PASS" starttime="20210713 15:23:37.879" endtime="20210713 15:23:47.093"/>
</kw>
<status status="PASS" starttime="20210713 15:23:37.264" endtime="20210713 15:23:47.094"/>
</kw>
<kw name="Verify search is completed" library="SearchResult">
<kw name="Wait Until Page Contains" library="SeleniumLibrary">
<arg>results for "Ferrari 458"</arg>
<doc>Waits until ``text`` appears on the current page.</doc>
<status status="PASS" starttime="20210713 15:23:47.095" endtime="20210713 15:23:47.381"/>
</kw>
<status status="PASS" starttime="20210713 15:23:47.094" endtime="20210713 15:23:47.382"/>
</kw>
<status status="PASS" starttime="20210713 15:23:30.202" endtime="20210713 15:23:47.382"/>
</kw>
<kw name="Select product from search result" library="AmazonApp">
<kw name="Click product link" library="SearchResult">
<kw name="Click Element" library="SeleniumLibrary">
<arg>xpath=//img[@alt='RASTAR Ferrari Remote Control Car, 1/24 Scale Ferrari 458 Italia Model Car, Red Ferrari Toy Car']</arg>
<doc>Click the element identified by ``locator``.</doc>
<msg timestamp="20210713 15:23:47.405" level="INFO">Clicking element 'xpath=//img[@alt='RASTAR Ferrari Remote Control Car, 1/24 Scale Ferrari 458 Italia Model Car, Red Ferrari Toy Car']'.</msg>
<status status="PASS" starttime="20210713 15:23:47.404" endtime="20210713 15:23:53.731"/>
</kw>
<status status="PASS" starttime="20210713 15:23:47.404" endtime="20210713 15:23:53.731"/>
</kw>
<kw name="Verify product is loaded" library="Product">
<kw name="Wait Until Page Contains" library="SeleniumLibrary">
<arg>RASTAR Ferrari Remote Control Car, 1/24 Scale Ferrari 458 Italia Model Car, Red Ferrari Toy Car</arg>
<doc>Waits until ``text`` appears on the current page.</doc>
<status status="PASS" starttime="20210713 15:23:53.734" endtime="20210713 15:23:53.947"/>
</kw>
<status status="PASS" starttime="20210713 15:23:53.732" endtime="20210713 15:23:53.947"/>
</kw>
<status status="PASS" starttime="20210713 15:23:47.402" endtime="20210713 15:23:53.948"/>
</kw>
<kw name="Choose location" library="AmazonApp">
<kw name="Select appropriate location" library="Product">
<kw name="Click Delivery link" library="Product">
<kw name="Click Element" library="SeleniumLibrary">
<arg>xpath=//div[@id='contextualIngressPtLabel_deliveryShortLine']/span[last()]</arg>
<doc>Click the element identified by ``locator``.</doc>
<msg timestamp="20210713 15:23:53.954" level="INFO">Clicking element 'xpath=//div[@id='contextualIngressPtLabel_deliveryShortLine']/span[last()]'.</msg>
<status status="PASS" starttime="20210713 15:23:53.952" endtime="20210713 15:23:55.612"/>
</kw>
<status status="PASS" starttime="20210713 15:23:53.951" endtime="20210713 15:23:55.613"/>
</kw>
<kw name="Verify &quot;Choose your location&quot; page is loaded" library="Product">
<kw name="Wait Until Page Contains" library="SeleniumLibrary">
<arg>Choose your location</arg>
<doc>Waits until ``text`` appears on the current page.</doc>
<status status="PASS" starttime="20210713 15:23:55.614" endtime="20210713 15:23:56.143"/>
</kw>
<status status="PASS" starttime="20210713 15:23:55.613" endtime="20210713 15:23:56.144"/>
</kw>
<kw name="Click country dropdown arrow" library="Product">
<kw name="Click Element" library="SeleniumLibrary">
<arg>id=GLUXCountryValue</arg>
<doc>Click the element identified by ``locator``.</doc>
<msg timestamp="20210713 15:23:56.146" level="INFO">Clicking element 'id=GLUXCountryValue'.</msg>
<status status="PASS" starttime="20210713 15:23:56.145" endtime="20210713 15:23:56.960"/>
</kw>
<status status="PASS" starttime="20210713 15:23:56.144" endtime="20210713 15:23:56.961"/>
</kw>
<kw name="Select country from list" library="Product">
<kw name="Click Element" library="SeleniumLibrary">
<arg>xpath=//li[@aria-labelledby='GLUXCountryList_1']/a[text()='Canada']</arg>
<doc>Click the element identified by ``locator``.</doc>
<msg timestamp="20210713 15:23:56.963" level="INFO">Clicking element 'xpath=//li[@aria-labelledby='GLUXCountryList_1']/a[text()='Canada']'.</msg>
<status status="PASS" starttime="20210713 15:23:56.962" endtime="20210713 15:23:57.571"/>
</kw>
<status status="PASS" starttime="20210713 15:23:56.961" endtime="20210713 15:23:57.571"/>
</kw>
<kw name="Press Done" library="Product">
<kw name="Click Button" library="SeleniumLibrary">
<arg>xpath=//button[text()='Done']</arg>
<doc>Clicks the button identified by ``locator``.</doc>
<msg timestamp="20210713 15:23:57.573" level="INFO">Clicking button 'xpath=//button[text()='Done']'.</msg>
<status status="PASS" starttime="20210713 15:23:57.573" endtime="20210713 15:23:57.941"/>
</kw>
<status status="PASS" starttime="20210713 15:23:57.572" endtime="20210713 15:23:57.942"/>
</kw>
<status status="PASS" starttime="20210713 15:23:53.950" endtime="20210713 15:23:57.942"/>
</kw>
<status status="PASS" starttime="20210713 15:23:53.949" endtime="20210713 15:23:57.943"/>
</kw>
<kw name="Add product to cart" library="AmazonApp">
<kw name="Verify add to cart button is enable" library="Product">
<kw name="Wait Until Element Is Enabled" library="SeleniumLibrary">
<arg>add-to-cart-button</arg>
<doc>Waits until the element ``locator`` is enabled.</doc>
<status status="PASS" starttime="20210713 15:23:57.946" endtime="20210713 15:24:04.670"/>
</kw>
<status status="PASS" starttime="20210713 15:23:57.945" endtime="20210713 15:24:04.670"/>
</kw>
<kw name="Add product to cart" library="Product">
<kw name="Click Element" library="SeleniumLibrary">
<arg>id=add-to-cart-button</arg>
<doc>Click the element identified by ``locator``.</doc>
<msg timestamp="20210713 15:24:04.672" level="INFO">Clicking element 'id=add-to-cart-button'.</msg>
<status status="PASS" starttime="20210713 15:24:04.672" endtime="20210713 15:24:07.192"/>
</kw>
<status status="PASS" starttime="20210713 15:24:04.671" endtime="20210713 15:24:07.193"/>
</kw>
<kw name="Verify product is added" library="Cart">
<kw name="Wait Until Page Contains" library="SeleniumLibrary">
<arg>Added to Cart</arg>
<doc>Waits until ``text`` appears on the current page.</doc>
<status status="PASS" starttime="20210713 15:24:07.194" endtime="20210713 15:24:07.389"/>
</kw>
<status status="PASS" starttime="20210713 15:24:07.193" endtime="20210713 15:24:07.389"/>
</kw>
<status status="PASS" starttime="20210713 15:23:57.944" endtime="20210713 15:24:07.389"/>
</kw>
<kw name="Begin checkout" library="AmazonApp">
<kw name="Proceed to checkout" library="Cart">
<kw name="Click Link" library="SeleniumLibrary">
<arg>id=hlb-ptc-btn-native</arg>
<doc>Clicks a link identified by ``locator``.</doc>
<msg timestamp="20210713 15:24:07.393" level="INFO">Clicking link 'id=hlb-ptc-btn-native'.</msg>
<status status="PASS" starttime="20210713 15:24:07.393" endtime="20210713 15:24:09.392"/>
</kw>
<status status="PASS" starttime="20210713 15:24:07.391" endtime="20210713 15:24:09.393"/>
</kw>
<kw name="Verify sign in page is loaded" library="SignIn">
<kw name="Wait Until Page Contains" library="SeleniumLibrary">
<arg>Sign-In</arg>
<doc>Waits until ``text`` appears on the current page.</doc>
<status status="PASS" starttime="20210713 15:24:09.394" endtime="20210713 15:24:09.531"/>
</kw>
<status status="PASS" starttime="20210713 15:24:09.393" endtime="20210713 15:24:09.532"/>
</kw>
<status status="PASS" starttime="20210713 15:24:07.390" endtime="20210713 15:24:09.532"/>
</kw>
<kw name="End Web Tests" library="Common" type="TEARDOWN">
<kw name="Close Browser" library="SeleniumLibrary">
<doc>Closes the current browser.</doc>
<status status="PASS" starttime="20210713 15:24:09.535" endtime="20210713 15:24:12.744"/>
</kw>
<status status="PASS" starttime="20210713 15:24:09.534" endtime="20210713 15:24:12.744"/>
</kw>
<tag>smoke</tag>
<status status="PASS" starttime="20210713 15:23:26.678" endtime="20210713 15:24:12.744"/>
</test>
<doc>This is some basic info about the whole suite</doc>
<status status="PASS" starttime="20210713 15:21:43.847" endtime="20210713 15:24:12.744"/>
</suite>
<statistics>
<total>
<stat pass="4" fail="0" skip="0">All Tests</stat>
</total>
<tag>
<stat pass="4" fail="0" skip="0">smoke</stat>
</tag>
<suite>
<stat pass="4" fail="0" skip="0" id="s1" name="Amazon">Amazon</stat>
</suite>
</statistics>
<errors>
</errors>
</robot>
